2025-11-21 12:07:59,096 - INFO - Запуск автоотклика для профиля: Java с запросом: java
2025-11-21 12:07:59,098 - INFO - START TASK for Java
2025-11-21 12:09:30,985 - INFO - Отклики отправлены на 39 вакансий.
2025-11-21 12:09:30,986 - INFO - END TASK
2025-11-21 12:09:47,716 - ERROR - Ошибка отклика на вакансию 127926004: 400: Ошибка отклика на вакансию
2025-11-21 12:17:40,265 - INFO - Запуск автоотклика для профиля: Java с запросом: java
2025-11-21 12:17:40,266 - INFO - START TASK for Java
2025-11-21 12:17:44,372 - ERROR - Ошибка отклика на вакансию 127946482: 400: Ошибка отклика на вакансию
2025-11-21 12:18:11,281 - ERROR - Ошибка отклика на вакансию 127946482: 400: Ошибка отклика на вакансию
2025-11-21 12:18:12,213 - ERROR - Ошибка отклика на вакансию 127946482: 400: Ошибка отклика на вакансию
2025-11-21 12:18:24,783 - ERROR - Ошибка отклика на вакансию 127946482: 400: Ошибка отклика на вакансию
2025-11-21 12:18:25,052 - ERROR - Ошибка отклика на вакансию 127946482: 400: Ошибка отклика на вакансию
2025-11-21 12:44:25,072 - INFO - Отклики отправлены на 29 вакансий.
2025-11-21 12:44:25,072 - INFO - END TASK
2025-11-21 12:46:25,634 - INFO - Отклик на вакансию 127947625 успешен.
2025-11-21 12:47:13,726 - INFO - Запуск автоотклика для профиля: Java с запросом: Java
2025-11-21 12:47:13,727 - INFO - START TASK for Java
2025-11-21 12:48:19,715 - INFO - Отклики отправлены на 25 вакансий.
2025-11-21 12:48:19,716 - INFO - END TASK
2025-11-21 12:53:50,599 - INFO - Обрабатываем данные: {'id': 161, 'vacancy_id': '127707526', 'title': 'Преподаватель программирования', 'company': 'YAKHA', 'date': '2025-11-21 12:48', 'status': 'accepted', 'response_text': 'Добрый день! Можем ли мы обсудить сотрудничество?'}
2025-11-21 18:23:49,549 - INFO - Запуск автоотклика для профиля: Java с запросом: Java
2025-11-21 18:23:49,551 - INFO - START TASK for Java
2025-11-21 18:25:42,484 - INFO - Отклики отправлены на 43 вакансий.
2025-11-21 18:25:42,484 - INFO - END TASK
2025-11-21 18:44:54,207 - INFO - Отклик на вакансию 127951365 успешен.
2025-11-21 21:28:57,712 - INFO - Запуск автоотклика для профиля: Java с запросом: Java
2025-11-21 21:28:57,718 - INFO - START TASK for Java
2025-11-21 21:30:34,622 - INFO - Отклики отправлены на 23 вакансий.
2025-11-21 21:30:34,623 - INFO - END TASK
